<?xml version='1.1' encoding='UTF-8'?>
<result plugin="junit@1.25">
  <suites>
    <suite>
      <file>/var/lib/jenkins/workspace/Calculator-pipeline@2/target/surefire-reports/TEST-CalculatorTest.xml</file>
      <name>CalculatorTest</name>
      <duration>0.015</duration>
      <time>0.015</time>
      <nodeId>20</nodeId>
      <enclosingBlocks>
        <string>17</string>
        <string>13</string>
      </enclosingBlocks>
      <enclosingBlockNames>
        <string>Build and Test</string>
        <string>second</string>
      </enclosingBlockNames>
      <cases>
        <case>
          <duration>0.011</duration>
          <className>CalculatorTest</className>
          <testName>divideTest</testName>
          <skipped>false</skipped>
          <failedSince>0</failedSince>
        </case>
        <case>
          <duration>0.001</duration>
          <className>CalculatorTest</className>
          <testName>substractTest</testName>
          <skipped>false</skipped>
          <failedSince>0</failedSince>
        </case>
        <case>
          <duration>0.003</duration>
          <className>CalculatorTest</className>
          <testName>addTest</testName>
          <skipped>false</skipped>
          <failedSince>0</failedSince>
        </case>
        <case>
          <duration>0.0</duration>
          <className>CalculatorTest</className>
          <testName>multiplyTest</testName>
          <skipped>false</skipped>
          <failedSince>0</failedSince>
        </case>
      </cases>
    </suite>
  </suites>
  <duration>0.015</duration>
  <keepLongStdio>false</keepLongStdio>
</result>